<?xml version="1.0" encoding="UTF-8"?>
<testsuite name="Test1" tests="1" skipped="0" failures="0" errors="0" timestamp="2022-10-02T10:24:25" hostname="LAPTOP-FO8C24V8" time="6.582">
  <properties/>
  <testcase name="testPostRequest()" classname="Test1" time="6.582"/>
  <system-out><![CDATA[]]></system-out>
  <system-err><![CDATA[]]></system-err>
</testsuite>
